<?xml version="1.0" encoding="UTF-8" ?>
<testsuite tests="1" failures="0" name="com.apeny.mybatisproject.AppTest" time="0.004" errors="0" skipped="0">
  <properties>
    <property name="java.runtime.name" value="Java(TM) SE Runtime Environment"/>
    <property name="sun.boot.library.path" value="F:\jdk8\jre\bin"/>
    <property name="java.vm.version" value="25.25-b02"/>
    <property name="java.vm.vendor" value="Oracle Corporation"/>
    <property name="maven.multiModuleProjectDirectory" value="G:\javaprojects\ESImportProject\MyBatis-Project"/>
    <property name="java.vendor.url" value="http://java.oracle.com/"/>
    <property name="path.separator" value=";"/>
    <property name="guice.disable.misplaced.annotation.check" value="true"/>
    <property name="java.vm.name" value="Java HotSpot(TM) Client VM"/>
    <property name="file.encoding.pkg" value="sun.io"/>
    <property name="user.script" value=""/>
    <property name="user.country" value="CN"/>
    <property name="sun.java.launcher" value="SUN_STANDARD"/>
    <property name="sun.os.patch.level" value=""/>
    <property name="java.vm.specification.name" value="Java Virtual Machine Specification"/>
    <property name="user.dir" value="G:\javaprojects\ESImportProject\MyBatis-Project"/>
    <property name="java.runtime.version" value="1.8.0_25-b18"/>
    <property name="java.awt.graphicsenv" value="sun.awt.Win32GraphicsEnvironment"/>
    <property name="java.endorsed.dirs" value="F:\jdk8\jre\lib\endorsed"/>
    <property name="os.arch" value="x86"/>
    <property name="java.io.tmpdir" value="C:\Users\qinghu\AppData\Local\Temp\"/>
    <property name="line.separator" value="
"/>
    <property name="java.vm.specification.vendor" value="Oracle Corporation"/>
    <property name="user.variant" value=""/>
    <property name="os.name" value="Windows 8.1"/>
    <property name="classworlds.conf" value="G:\javaprojects\.metadata\.plugins\org.eclipse.m2e.launching\launches\m2conf5185614799056869845.tmp"/>
    <property name="sun.jnu.encoding" value="GBK"/>
    <property name="java.library.path" value="F:\jdk8\bin;C:\Windows\Sun\Java\bin;C:\Windows\system32;C:\Windows;F:\apache-maven-3.3.9\bin;C:\ProgramData\Oracle\Java\javapath;F:\jdk8\bin;F:\jdk8\jre\bin;C:\Program Files (x86)\Common Files\NetSarang;C:\Windows\system32;C:\Windows;C:\Windows\System32\Wbem;C:\Windows\System32\WindowsPowerShell\v1.0\;C:\Program Files (x86)\Microsoft SQL Server\100\Tools\Binn\;C:\Program Files\Microsoft SQL Server\100\Tools\Binn\;C:\Program Files\Microsoft SQL Server\100\DTS\Binn\;C:\Program Files (x86)\Microsoft SDKs\TypeScript\1.0\;C:\Program Files (x86)\Microsoft SQL Server\100\Tools\Binn\VSShell\Common7\IDE\;C:\Program Files (x86)\Microsoft SQL Server\100\DTS\Binn\;C:\Program Files (x86)\Microsoft Visual Studio 9.0\Common7\IDE\PrivateAssemblies\;C:\Program Files (x86)\Microsoft SDKs\Azure\CLI\wbin;F:\jdk8\bin;F:\jdk8\jre\bin;C:\Windows\Microsoft.NET\Framework\v4.0.30319;E:\QuickTime\QTSystem\；F:\mysql-5.6.24-win32\bin；E:\apachetomcat8.0.17windowsx86\apachetomcat8.0.17\lib;E:\apachetomcat8.0.17windowsx86\apachetomcat8.0.17\bin;G:\工作文件\PsTools_62320;C:\Program Files (x86)\Windows Kits\8.1\Windows Performance Toolkit\;C:\Program Files\Microsoft SQL Server\110\Tools\Binn\;H:\工作文件\PsTools_62320;F:\tortoisesvn\bin;F:\rationalrosedestination\common;F:\mysql-5.6.24-win32\bin;;."/>
    <property name="java.specification.name" value="Java Platform API Specification"/>
    <property name="java.class.version" value="52.0"/>
    <property name="sun.management.compiler" value="HotSpot Client Compiler"/>
    <property name="os.version" value="6.3"/>
    <property name="user.home" value="C:\Users\qinghu"/>
    <property name="user.timezone" value="Asia/Shanghai"/>
    <property name="java.awt.printerjob" value="sun.awt.windows.WPrinterJob"/>
    <property name="java.specification.version" value="1.8"/>
    <property name="file.encoding" value="GBK"/>
    <property name="user.name" value="menghu07"/>
    <property name="java.class.path" value="/C:/Users/qinghu/.p2/pool/plugins/org.eclipse.m2e.maven.runtime_1.7.0.20160603-1931/jars/plexus-classworlds-2.5.2.jar"/>
    <property name="java.vm.specification.version" value="1.8"/>
    <property name="sun.arch.data.model" value="32"/>
    <property name="java.home" value="F:\jdk8\jre"/>
    <property name="sun.java.command" value="org.codehaus.plexus.classworlds.launcher.Launcher -B -s F:\apache-maven-3.3.9\conf\settings.xml install"/>
    <property name="java.specification.vendor" value="Oracle Corporation"/>
    <property name="user.language" value="zh"/>
    <property name="awt.toolkit" value="sun.awt.windows.WToolkit"/>
    <property name="java.vm.info" value="mixed mode"/>
    <property name="java.version" value="1.8.0_25"/>
    <property name="java.ext.dirs" value="F:\jdk8\jre\lib\ext;C:\Windows\Sun\Java\lib\ext"/>
    <property name="sun.boot.class.path" value="F:\jdk8\jre\lib\resources.jar;F:\jdk8\jre\lib\rt.jar;F:\jdk8\jre\lib\sunrsasign.jar;F:\jdk8\jre\lib\jsse.jar;F:\jdk8\jre\lib\jce.jar;F:\jdk8\jre\lib\charsets.jar;F:\jdk8\jre\lib\jfr.jar;F:\jdk8\jre\classes"/>
    <property name="java.vendor" value="Oracle Corporation"/>
    <property name="maven.home" value="G:\javaprojects\ESImportProject\MyBatis-Project\EMBEDDED"/>
    <property name="file.separator" value="\"/>
    <property name="java.vendor.url.bug" value="http://bugreport.sun.com/bugreport/"/>
    <property name="sun.cpu.endian" value="little"/>
    <property name="sun.io.unicode.encoding" value="UnicodeLittle"/>
    <property name="sun.desktop" value="windows"/>
    <property name="sun.cpu.isalist" value="pentium_pro+mmx pentium_pro pentium+mmx pentium i486 i386 i86"/>
  </properties>
  <testcase classname="com.apeny.mybatisproject.AppTest" name="testApp" time="0.004"/>
</testsuite>